0 info it worked if it ends with ok
1 verbose cli [ '/usr/bin/node', '/usr/bin/npm', 'install', '-g', 'grunt-cli' ]
2 info using npm@1.4.28
3 info using node@v0.10.38
4 verbose node symlink /usr/bin/node
5 verbose cache add [ 'grunt-cli', null ]
6 verbose cache add name=undefined spec="grunt-cli" args=["grunt-cli",null]
7 verbose parsed url { protocol: null,
7 verbose parsed url   slashes: null,
7 verbose parsed url   auth: null,
7 verbose parsed url   host: null,
7 verbose parsed url   port: null,
7 verbose parsed url   hostname: null,
7 verbose parsed url   hash: null,
7 verbose parsed url   search: null,
7 verbose parsed url   query: null,
7 verbose parsed url   pathname: 'grunt-cli',
7 verbose parsed url   path: 'grunt-cli',
7 verbose parsed url   href: 'grunt-cli' }
8 silly lockFile 671ef8ac-grunt-cli grunt-cli
9 verbose lock grunt-cli /home/jdn/.npm/671ef8ac-grunt-cli.lock
10 silly lockFile 671ef8ac-grunt-cli grunt-cli
11 silly lockFile 671ef8ac-grunt-cli grunt-cli
12 verbose addNamed [ 'grunt-cli', '' ]
13 verbose addNamed [ null, '*' ]
14 silly lockFile d63f3d0b-grunt-cli grunt-cli@
15 verbose lock grunt-cli@ /home/jdn/.npm/d63f3d0b-grunt-cli.lock
16 silly addNameRange { name: 'grunt-cli', range: '*', hasData: false }
17 verbose request where is /grunt-cli
18 verbose request registry https://registry.npmjs.org/
19 verbose request id 0a9f9b0ee7e59de8
20 verbose url raw /grunt-cli
21 verbose url resolving [ 'https://registry.npmjs.org/', './grunt-cli' ]
22 verbose url resolved https://registry.npmjs.org/grunt-cli
23 verbose request where is https://registry.npmjs.org/grunt-cli
24 info trying registry request attempt 1 at 13:01:39
25 http GET https://registry.npmjs.org/grunt-cli
26 http 200 https://registry.npmjs.org/grunt-cli
27 silly registry.get cb [ 200,
27 silly registry.get   { server: 'CouchDB/1.5.0 (Erlang OTP/R16B03)',
27 silly registry.get     etag: '"63SEYDWL0O5IAKT0R82FSHJTW"',
27 silly registry.get     'content-type': 'application/json',
27 silly registry.get     'cache-control': 'max-age=60',
27 silly registry.get     'content-length': '21126',
27 silly registry.get     'accept-ranges': 'bytes',
27 silly registry.get     date: 'Sun, 05 Jul 2015 20:01:39 GMT',
27 silly registry.get     via: '1.1 varnish',
27 silly registry.get     age: '0',
27 silly registry.get     connection: 'keep-alive',
27 silly registry.get     'x-served-by': 'cache-lax1420-LAX',
27 silly registry.get     'x-cache': 'HIT',
27 silly registry.get     'x-cache-hits': '1',
27 silly registry.get     'x-timer': 'S1436126499.903001,VS0,VE81',
27 silly registry.get     vary: 'Accept' } ]
28 silly addNameRange number 2 { name: 'grunt-cli', range: '*', hasData: true }
29 silly addNameRange versions [ 'grunt-cli',
29 silly addNameRange   [ '0.1.0',
29 silly addNameRange     '0.1.1',
29 silly addNameRange     '0.1.2',
29 silly addNameRange     '0.1.3',
29 silly addNameRange     '0.1.4',
29 silly addNameRange     '0.1.5',
29 silly addNameRange     '0.1.6',
29 silly addNameRange     '0.1.7',
29 silly addNameRange     '0.1.8',
29 silly addNameRange     '0.1.9',
29 silly addNameRange     '0.1.10',
29 silly addNameRange     '0.1.11',
29 silly addNameRange     '0.1.12',
29 silly addNameRange     '0.1.13' ] ]
30 verbose addNamed [ 'grunt-cli', '0.1.13' ]
31 verbose addNamed [ '0.1.13', '0.1.13' ]
32 silly lockFile 28997503-grunt-cli-0-1-13 grunt-cli@0.1.13
33 verbose lock grunt-cli@0.1.13 /home/jdn/.npm/28997503-grunt-cli-0-1-13.lock
34 silly lockFile 28997503-grunt-cli-0-1-13 grunt-cli@0.1.13
35 silly lockFile 28997503-grunt-cli-0-1-13 grunt-cli@0.1.13
36 silly lockFile d63f3d0b-grunt-cli grunt-cli@
37 silly lockFile d63f3d0b-grunt-cli grunt-cli@
38 silly resolved [ { name: 'grunt-cli',
38 silly resolved     description: 'The grunt command line interface.',
38 silly resolved     version: '0.1.13',
38 silly resolved     author: { name: 'Grunt Team' },
38 silly resolved     homepage: 'http://gruntjs.com/',
38 silly resolved     repository: { type: 'git', url: 'git://github.com/gruntjs/grunt-cli.git' },
38 silly resolved     bugs: { url: 'http://github.com/gruntjs/grunt-cli/issues' },
38 silly resolved     licenses: [ [Object] ],
38 silly resolved     bin: { grunt: 'bin/grunt' },
38 silly resolved     engines: { node: '>= 0.8.0' },
38 silly resolved     scripts: { test: 'node bin/grunt test' },
38 silly resolved     preferGlobal: true,
38 silly resolved     dependencies: { nopt: '~1.0.10', 'findup-sync': '~0.1.0', resolve: '~0.3.1' },
38 silly resolved     devDependencies: { grunt: '~0.4.0', 'grunt-contrib-jshint': '~0.2.0' },
38 silly resolved     contributors: [ [Object], [Object], [Object], [Object] ],
38 silly resolved     readme: '# grunt-cli [![Build Status](https://secure.travis-ci.org/gruntjs/grunt-cli.png?branch=master)](http://travis-ci.org/gruntjs/grunt-cli)\n> The Grunt command line interface.\n\nInstall this globally and you\'ll have access to the `grunt` command anywhere on your system.\n\n```shell\nnpm install -g grunt-cli\n```\n\n**Note:** The job of the `grunt` command is to load and run the version of Grunt you have installed locally to your project, irrespective of its version.  Starting with Grunt v0.4, you should never install Grunt itself globally.  For more information about why, [please read this](http://blog.nodejs.org/2011/03/23/npm-1-0-global-vs-local-installation).\n\nSee the [Getting Started](http://gruntjs.com/getting-started) guide for more information.\n\n## Shell tab auto-completion\nTo enable tab auto-completion for Grunt, add one of the following lines to your `~/.bashrc` or `~/.zshrc` file.\n\n```bash\n# Bash, ~/.bashrc\neval "$(grunt --completion=bash)"\n```\n\n```bash\n# Zsh, ~/.zshrc\neval "$(grunt --completion=zsh)"\n```\n\n## Installing grunt-cli locally\nIf you prefer the idiomatic Node.js method to get started with a project (`npm install && npm test`) then install grunt-cli locally with `npm install grunt-cli --save-dev`. Then add a script to your `package.json` to run the associated grunt command: `"scripts": { "test": "grunt test" } `. Now `npm test` will use the locally installed `./node_modules/.bin/grunt` executable to run your Grunt commands.\n\nTo read more about npm scripts, please visit the npm docs: [https://npmjs.org/doc/misc/npm-scripts.html](https://npmjs.org/doc/misc/npm-scripts.html).\n',
38 silly resolved     readmeFilename: 'README.md',
38 silly resolved     _id: 'grunt-cli@0.1.13',
38 silly resolved     _from: 'grunt-cli@' } ]
39 info install grunt-cli@0.1.13 into /usr/lib
40 info installOne grunt-cli@0.1.13
41 verbose lib/node_modules/grunt-cli unbuild
42 verbose tar unpack /home/jdn/.npm/grunt-cli/0.1.13/package.tgz
43 silly lockFile 2107e595-r-usr-lib-node-modules-grunt-cli tar:///usr/lib/node_modules/grunt-cli
44 verbose lock tar:///usr/lib/node_modules/grunt-cli /home/jdn/.npm/2107e595-r-usr-lib-node-modules-grunt-cli.lock
45 silly lockFile e2d5a873-npm-grunt-cli-0-1-13-package-tgz tar:///home/jdn/.npm/grunt-cli/0.1.13/package.tgz
46 verbose lock tar:///home/jdn/.npm/grunt-cli/0.1.13/package.tgz /home/jdn/.npm/e2d5a873-npm-grunt-cli-0-1-13-package-tgz.lock
47 silly gunzTarPerm modes [ '775', '664' ]
48 error Error: EACCES, mkdir '/usr/lib/node_modules/grunt-cli'
48 error  { [Error: EACCES, mkdir '/usr/lib/node_modules/grunt-cli']
48 error   errno: 3,
48 error   code: 'EACCES',
48 error   path: '/usr/lib/node_modules/grunt-cli',
48 error   fstream_type: 'Directory',
48 error   fstream_path: '/usr/lib/node_modules/grunt-cli',
48 error   fstream_class: 'DirWriter',
48 error   fstream_stack:
48 error    [ '/usr/lib/node_modules/npm/node_modules/fstream/lib/dir-writer.js:36:23',
48 error      '/usr/lib/node_modules/npm/node_modules/mkdirp/index.js:46:53',
48 error      'Object.oncomplete (fs.js:108:15)' ] }
49 error Please try running this command again as root/Administrator.
50 error System Linux 3.19.0-16-generic
51 error command "/usr/bin/node" "/usr/bin/npm" "install" "-g" "grunt-cli"
52 error cwd /home/jdn/Work/Development/MILSTD/TacMap
53 error node -v v0.10.38
54 error npm -v 1.4.28
55 error path /usr/lib/node_modules/grunt-cli
56 error fstream_path /usr/lib/node_modules/grunt-cli
57 error fstream_type Directory
58 error fstream_class DirWriter
59 error code EACCES
60 error errno 3
61 error stack Error: EACCES, mkdir '/usr/lib/node_modules/grunt-cli'
62 error fstream_stack /usr/lib/node_modules/npm/node_modules/fstream/lib/dir-writer.js:36:23
62 error fstream_stack /usr/lib/node_modules/npm/node_modules/mkdirp/index.js:46:53
62 error fstream_stack Object.oncomplete (fs.js:108:15)
63 verbose exit [ 3, true ]
